<?xml version="1.0" encoding="UTF-8"?>
<testng-results ignored="0" total="0" passed="0" failed="0" skipped="0">
  <reporter-output>
  </reporter-output>
  <suite started-at="2022-10-31T19:19:57 BRT" name="com.br.AppTest" finished-at="2022-10-31T19:19:57 BRT" duration-ms="5">
    <groups>
    </groups>
    <test started-at="2022-10-31T19:19:57 BRT" name="Command line test" finished-at="2022-10-31T19:19:57 BRT" duration-ms="5">
    </test> <!-- Command line test -->
  </suite> <!-- com.br.AppTest -->
</testng-results>
